#
# A fatal error has been detected by the Java Runtime Environment:
#
#  EXCEPTION_ACCESS_VIOLATION (0xc0000005) at pc=0x00007ffebbe86a87, pid=16288, tid=13988
#
# JRE version: OpenJDK Runtime Environment (17.0.1+12) (build 17.0.1+12-39)
# Java VM: OpenJDK 64-Bit Server VM (17.0.1+12-39, mixed mode, sharing, tiered, compressed oops, compressed class ptrs, g1 gc, windows-amd64)
# Problematic frame:
# C  [glass.dll+0x26a87]
#
# No core dump will be written. Minidumps are not enabled by default on client versions of Windows
#
# If you would like to submit a bug report, please visit:
#   https://bugreport.java.com/bugreport/crash.jsp
#

---------------  S U M M A R Y ------------

Command Line: -javaagent:D:\programms\Java\IntelliJ IDEA 2021.2.1\lib\idea_rt.jar=61332:D:\programms\Java\IntelliJ IDEA 2021.2.1\bin -Dfile.encoding=UTF-8 --module-path=C:\Users\111\.m2\repository\org\openjfx\javafx-controls\17-ea+11\javafx-controls-17-ea+11-win.jar;D:\PSP\it\target\classes;C:\Users\111\.m2\repository\org\openjfx\javafx-base\17-ea+11\javafx-base-17-ea+11-win.jar;C:\Users\111\.m2\repository\org\openjfx\javafx-fxml\17-ea+11\javafx-fxml-17-ea+11-win.jar;C:\Users\111\.m2\repository\org\openjfx\javafx-graphics\17-ea+11\javafx-graphics-17-ea+11-win.jar -Djdk.module.main=com.example.it com.example.it/com.example.it.ClientMain

Host: Intel(R) Core(TM) i5-8300H CPU @ 2.30GHz, 8 cores, 7G,  Windows 10 , 64 bit Build 19041 (10.0.19041.1348)
Time: Sun Dec  5 16:18:48 2021  Windows 10 , 64 bit Build 19041 (10.0.19041.1348) elapsed time: 476.694946 seconds (0d 0h 7m 56s)

---------------  T H R E A D  ---------------

Current thread (0x000002639a7b4b30):  VMThread "VM Thread" [stack: 0x000000afd2900000,0x000000afd2a00000] [id=13988]

Stack: [0x000000afd2900000,0x000000afd2a00000],  sp=0x000000afd29ff0d0,  free space=1020k
Native frames: (J=compiled Java code, j=interpreted, Vv=VM code, C=native code)
C  [glass.dll+0x26a87]


siginfo: EXCEPTION_ACCESS_VIOLATION (0xc0000005), reading address 0x0000000000000000


Register to memory mapping:

RIP=0x00007ffebbe86a87 glass.dll
RAX=0x0 is NULL
RBX=0x000002639a7c43b0 is a global jni handle
RCX=0x000002639a7b4b30 points into unknown readable memory: 0x00007ffe9949c5c0 | c0 c5 49 99 fe 7f 00 00
RDX=0x000000afd29ff0d0 points into unknown readable memory: 0x0000000000000000 | 00 00 00 00 00 00 00 00
RSP=0x000000afd29ff0d0 points into unknown readable memory: 0x0000000000000000 | 00 00 00 00 00 00 00 00
RBP=0x000002639bf043e8 points into unknown readable memory: 0x0000296aa1e5535f | 5f 53 e5 a1 6a 29 00 00
RSI=0x000002639bf043c0 points into unknown readable memory: 0x5df4365ca1e56ca0 | a0 6c e5 a1 5c 36 f4 5d
RDI=0x0000296aa1e5535f is an unknown value
R8 =0x0000000000010002 is an unknown value
R9 =0x0000296aa1e5535f is an unknown value
R10=0x0000000000008000 is an unknown value
R11=0x000000afd29ff060 points into unknown readable memory: 0x000002639bf043c0 | c0 43 f0 9b 63 02 00 00
R12=0x00007ffebbe84354 glass.dll
R13=0x00007ffe99642940 jvm.dll
R14=0x000000afd29ff1c8 points into unknown readable memory: 0x000000afd29ff1b0 | b0 f1 9f d2 af 00 00 00
R15=0x000002639bf043c0 points into unknown readable memory: 0x5df4365ca1e56ca0 | a0 6c e5 a1 5c 36 f4 5d


Registers:
RAX=0x0000000000000000, RBX=0x000002639a7c43b0, RCX=0x000002639a7b4b30, RDX=0x000000afd29ff0d0
RSP=0x000000afd29ff0d0, RBP=0x000002639bf043e8, RSI=0x000002639bf043c0, RDI=0x0000296aa1e5535f
R8 =0x0000000000010002, R9 =0x0000296aa1e5535f, R10=0x0000000000008000, R11=0x000000afd29ff060
R12=0x00007ffebbe84354, R13=0x00007ffe99642940, R14=0x000000afd29ff1c8, R15=0x000002639bf043c0
RIP=0x00007ffebbe86a87, EFLAGS=0x0000000000010202

Top of Stack: (sp=0x000000afd29ff0d0)
0x000000afd29ff0d0:   0000000000000000 000002639bf043c0
0x000000afd29ff0e0:   00007ffe99642940 00007ffebbe84354
0x000000afd29ff0f0:   000002639bf043c8 00007ffee75742d6
0x000000afd29ff100:   0000296aa1e5535f 0000026300000000
0x000000afd29ff110:   000002639bf043e8 000002639bf043c0
0x000000afd29ff120:   fffffffffffffffe 0000000000000000
0x000000afd29ff130:   0000000000000001 00007ffebbe60000
0x000000afd29ff140:   000000afd29ff1b8 00007ffee75741fb
0x000000afd29ff150:   0000000000000000 000000afd29ff1c8
0x000000afd29ff160:   000000afd29ff490 00007ffee7650e40
0x000000afd29ff170:   0000000000000001 00007ffee75741b4
0x000000afd29ff180:   0000000000000000 0000000000000001
0x000000afd29ff190:   00007ffe00000001 000000afd29ff1b8
0x000000afd29ff1a0:   0000000000000000 00007ffebbe841e1
0x000000afd29ff1b0:   00007ffebbe9a138 00007ffe00000002
0x000000afd29ff1c0:   0000000000000002 000000afd29ff1b0 

Instructions: (pc=0x00007ffebbe86a87)
0x00007ffebbe86987:   8b 4d 58 e8 01 cf ff ff 48 8b 4d 60 e8 f8 ce ff
0x00007ffebbe86997:   ff 48 8b 95 80 00 00 00 48 8b 8d 18 01 00 00 e8
0x00007ffebbe869a7:   c6 c3 ff ff 33 d2 33 c9 e8 3c e1 ff ff 90 48 89
0x00007ffebbe869b7:   54 24 10 55 48 83 ec 20 48 8b ea 48 b8 00 00 00
0x00007ffebbe869c7:   00 00 00 00 00 48 83 c4 20 5d c3 cc 40 55 48 8b
0x00007ffebbe869d7:   ea 48 8b 01 33 c9 81 38 05 00 00 c0 0f 94 c1 8b
0x00007ffebbe869e7:   c1 5d c3 cc 40 55 48 83 ec 20 48 8b ea 8a 4d 40
0x00007ffebbe869f7:   48 83 c4 20 5d e9 f7 d2 ff ff cc 40 55 48 83 ec
0x00007ffebbe86a07:   20 48 8b ea 8a 4d 20 e8 e5 d2 ff ff 90 48 83 c4
0x00007ffebbe86a17:   20 5d c3 cc 40 55 48 83 ec 20 48 8b ea 48 83 c4
0x00007ffebbe86a27:   20 5d e9 46 d1 ff ff cc 40 55 48 83 ec 30 48 8b
0x00007ffebbe86a37:   ea 48 8b 01 8b 10 48 89 4c 24 28 89 54 24 20 4c
0x00007ffebbe86a47:   8d 0d e7 d5 ff ff 4c 8b 45 70 8b 55 68 48 8b 4d
0x00007ffebbe86a57:   60 e8 87 d0 ff ff 90 48 83 c4 30 5d c3 cc cc cc
0x00007ffebbe86a67:   cc cc cc cc cc cc cc cc cc 40 53 48 83 ec 20 48
0x00007ffebbe86a77:   8b 1d b3 30 01 00 48 85 db 74 16 e8 09 8b ff ff
0x00007ffebbe86a87:   4c 8b 00 48 8b d3 48 8b c8 41 ff 90 b0 00 00 00
0x00007ffebbe86a97:   90 48 83 c4 20 5b c3 cc cc 40 53 48 83 ec 20 48
0x00007ffebbe86aa7:   8b 1d 2b 32 01 00 48 85 db 74 57 b8 ff ff ff ff
0x00007ffebbe86ab7:   f0 0f c1 43 10 83 f8 01 75 3d 48 85 db 74 38 48
0x00007ffebbe86ac7:   8b 0b 48 85 c9 74 0d ff 15 d4 07 00 00 48 c7 03
0x00007ffebbe86ad7:   00 00 00 00 48 8b 4b 08 48 85 c9 74 0d e8 a7 cd
0x00007ffebbe86ae7:   ff ff 48 c7 43 08 00 00 00 00 ba 18 00 00 00 48
0x00007ffebbe86af7:   8b cb e8 92 cd ff ff 48 c7 05 cf 31 01 00 00 00
0x00007ffebbe86b07:   00 00 48 83 c4 20 5b c3 cc 40 53 48 83 ec 20 48
0x00007ffebbe86b17:   8b 1d 9b 31 01 00 48 85 db 74 57 b8 ff ff ff ff
0x00007ffebbe86b27:   f0 0f c1 43 10 83 f8 01 75 3d 48 85 db 74 38 48
0x00007ffebbe86b37:   8b 0b 48 85 c9 74 0d ff 15 64 07 00 00 48 c7 03
0x00007ffebbe86b47:   00 00 00 00 48 8b 4b 08 48 85 c9 74 0d e8 37 cd
0x00007ffebbe86b57:   ff ff 48 c7 43 08 00 00 00 00 ba 18 00 00 00 48
0x00007ffebbe86b67:   8b cb e8 22 cd ff ff 48 c7 05 3f 31 01 00 00 00
0x00007ffebbe86b77:   00 00 48 83 c4 20 5b c3 cc 40 53 48 83 ec 20 48 


Stack slot to memory mapping:
stack at sp + 0 slots: 0x0 is NULL
stack at sp + 1 slots: 0x000002639bf043c0 points into unknown readable memory: 0x5df4365ca1e56ca0 | a0 6c e5 a1 5c 36 f4 5d
stack at sp + 2 slots: 0x00007ffe99642940 jvm.dll
stack at sp + 3 slots: 0x00007ffebbe84354 glass.dll
stack at sp + 4 slots: 0x000002639bf043c8 points into unknown readable memory: 0x0000296aa1e5535f | 5f 53 e5 a1 6a 29 00 00
stack at sp + 5 slots: 0x00007ffee75742d6 ucrtbase.dll
stack at sp + 6 slots: 0x0000296aa1e5535f is an unknown value
stack at sp + 7 slots: 0x0000026300000000 is an unknown value

VM_Operation (0x000000afd21ff080): Exit, mode: safepoint, requested by thread 0x00000263a0757dc0


---------------  P R O C E S S  ---------------

Threads class SMR info:
_java_thread_list=0x00000263a070e2d0, length=20, elements={
0x00000263fc691c80, 0x000002639a7bba50, 0x000002639a7bc7d0, 0x000002639a7d43d0,
0x000002639a7d6da0, 0x000002639a7d7660, 0x000002639a7d8300, 0x000002639a7e41c0,
0x000002639a7e6ad0, 0x000002639b44dce0, 0x000002639b63ed20, 0x000002639b8c3f60,
0x000002639bb13790, 0x000002639befb590, 0x000002639beb25b0, 0x00000263a02cdd50,
0x00000263a0343460, 0x00000263a34fe5d0, 0x00000263a0759f70, 0x00000263a0757dc0
}

Java Threads: ( => current thread )
  0x00000263fc691c80 JavaThread "main" [_thread_blocked, id=12580, stack(0x000000afd2300000,0x000000afd2400000)]
  0x000002639a7bba50 JavaThread "Reference Handler" daemon [_thread_blocked, id=15556, stack(0x000000afd2a00000,0x000000afd2b00000)]
  0x000002639a7bc7d0 JavaThread "Finalizer" daemon [_thread_blocked, id=2076, stack(0x000000afd2b00000,0x000000afd2c00000)]
  0x000002639a7d43d0 JavaThread "Attach Listener" daemon [_thread_blocked, id=10408, stack(0x000000afd2d00000,0x000000afd2e00000)]
  0x000002639a7d6da0 JavaThread "Service Thread" daemon [_thread_blocked, id=3664, stack(0x000000afd2e00000,0x000000afd2f00000)]
  0x000002639a7d7660 JavaThread "Monitor Deflation Thread" daemon [_thread_blocked, id=2996, stack(0x000000afd2f00000,0x000000afd3000000)]
  0x000002639a7d8300 JavaThread "C2 CompilerThread0" daemon [_thread_blocked, id=4688, stack(0x000000afd3000000,0x000000afd3100000)]
  0x000002639a7e41c0 JavaThread "C1 CompilerThread0" daemon [_thread_blocked, id=11280, stack(0x000000afd3100000,0x000000afd3200000)]
  0x000002639a7e6ad0 JavaThread "Sweeper thread" daemon [_thread_blocked, id=16284, stack(0x000000afd3200000,0x000000afd3300000)]
  0x000002639b44dce0 JavaThread "Common-Cleaner" daemon [_thread_blocked, id=2380, stack(0x000000afd3300000,0x000000afd3400000)]
  0x000002639b63ed20 JavaThread "Monitor Ctrl-Break" daemon [_thread_in_native, id=10316, stack(0x000000afd3600000,0x000000afd3700000)]
  0x000002639b8c3f60 JavaThread "Notification Thread" daemon [_thread_blocked, id=13236, stack(0x000000afd3700000,0x000000afd3800000)]
  0x000002639bb13790 JavaThread "QuantumRenderer-0" daemon [_thread_blocked, id=2984, stack(0x000000afd3900000,0x000000afd3a00000)]
  0x000002639befb590 JavaThread "InvokeLaterDispatcher" daemon [_thread_blocked, id=14244, stack(0x000000afd3a00000,0x000000afd3b00000)]
  0x000002639beb25b0 JavaThread "JavaFX Application Thread" [_thread_in_native, id=3408, stack(0x000000afd3b00000,0x000000afd3c00000)]
  0x00000263a02cdd50 JavaThread "Thread-1" daemon [_thread_in_native, id=6716, stack(0x000000afd3f00000,0x000000afd4000000)]
  0x00000263a0343460 JavaThread "JavaFX-Launcher" [_thread_blocked, id=7740, stack(0x000000afd4000000,0x000000afd4100000)]
  0x00000263a34fe5d0 JavaThread "Prism Font Disposer" daemon [_thread_blocked, id=1508, stack(0x000000afd4900000,0x000000afd4a00000)]
  0x00000263a0759f70 JavaThread "Cleaner-0" daemon [_thread_blocked, id=10396, stack(0x000000afd4a00000,0x000000afd4b00000)]
  0x00000263a0757dc0 JavaThread "SIGINT handler" daemon [_thread_blocked, id=4964, stack(0x000000afd2100000,0x000000afd2200000)]

Other Threads:
=>0x000002639a7b4b30 VMThread "VM Thread" [stack: 0x000000afd2900000,0x000000afd2a00000] [id=13988]
  0x00000263fc6d25e0 GCTaskThread "GC Thread#0" [stack: 0x000000afd2400000,0x000000afd2500000] [id=9332]
  0x00000263a0349730 GCTaskThread "GC Thread#1" [stack: 0x000000afd4100000,0x000000afd4200000] [id=12072]
  0x00000263a0337a40 GCTaskThread "GC Thread#2" [stack: 0x000000afd4200000,0x000000afd4300000] [id=16152]
  0x00000263a032bb40 GCTaskThread "GC Thread#3" [stack: 0x000000afd4300000,0x000000afd4400000] [id=8284]
  0x00000263a032bdf0 GCTaskThread "GC Thread#4" [stack: 0x000000afd4400000,0x000000afd4500000] [id=16068]
  0x00000263a02e2110 GCTaskThread "GC Thread#5" [stack: 0x000000afd4500000,0x000000afd4600000] [id=11748]
  0x00000263a04fb420 GCTaskThread "GC Thread#6" [stack: 0x000000afd3400000,0x000000afd3500000] [id=13144]
  0x00000263a04fac10 GCTaskThread "GC Thread#7" [stack: 0x000000afd3500000,0x000000afd3600000] [id=15296]
  0x00000263fc6e3e80 ConcurrentGCThread "G1 Main Marker" terminated
  0x00000263fc6e4f40 ConcurrentGCThread "G1 Conc#0" [stack: 0x000000afd2600000,0x000000afd2700000] [id=11760]
  0x000002639a680090 ConcurrentGCThread "G1 Refine#0" terminated
  0x000002639a6809c0 ConcurrentGCThread "G1 Service" terminated

Threads with active compile tasks:

VM state: at safepoint (shutting down)

VM Mutex/Monitor currently owned by a thread:  ([mutex/lock_event])
[0x00000263fc68d390] Threads_lock - owner thread: 0x000002639a7b4b30
[0x00000263fc68c4f0] Heap_lock - owner thread: 0x00000263a0757dc0

Heap address: 0x0000000082e00000, size: 2002 MB, Compressed Oops mode: 32-bit

CDS archive(s) mapped at: [0x0000000800000000-0x0000000800bc0000-0x0000000800bc0000), size 12320768, SharedBaseAddress: 0x0000000800000000, ArchiveRelocationMode: 0.
Compressed class space mapped at: 0x0000000800c00000-0x0000000840c00000, reserved size: 1073741824
Narrow klass base: 0x0000000800000000, Narrow klass shift: 0, Narrow klass range: 0x100000000

GC Precious Log:
 CPUs: 8 total, 8 available
 Memory: 8001M
 Large Page Support: Disabled
 NUMA Support: Disabled
 Compressed Oops: Enabled (32-bit)
 Heap Region Size: 1M
 Heap Min Capacity: 8M
 Heap Initial Capacity: 126M
 Heap Max Capacity: 2002M
 Pre-touch: Disabled
 Parallel Workers: 8
 Concurrent Workers: 2
 Concurrent Refinement Workers: 8
 Periodic GC: Disabled

Heap:
 garbage-first heap   total 129024K, used 20919K [0x0000000082e00000, 0x0000000100000000)
  region size 1024K, 14 young (14336K), 5 survivors (5120K)
 Metaspace       used 15198K, committed 15424K, reserved 1064960K
  class space    used 2177K, committed 2304K, reserved 1048576K

Heap Regions: E=young(eden), S=young(survivor), O=old, HS=humongous(starts), HC=humongous(continues), CS=collection set, F=free, OA=open archive, CA=closed archive, TAMS=top-at-mark-start (previous, next)
|   0|0x0000000082e00000, 0x0000000082f00000, 0x0000000082f00000|100%| O|  |TAMS 0x0000000082e00000, 0x0000000082e00000| Untracked 
|   1|0x0000000082f00000, 0x0000000083000000, 0x0000000083000000|100%|HS|  |TAMS 0x0000000082f00000, 0x0000000082f00000| Complete 
|   2|0x0000000083000000, 0x0000000083100000, 0x0000000083100000|100%|HC|  |TAMS 0x0000000083000000, 0x0000000083000000| Complete 
|   3|0x0000000083100000, 0x0000000083200000, 0x0000000083200000|100%|HS|  |TAMS 0x0000000083100000, 0x0000000083100000| Complete 
|   4|0x0000000083200000, 0x0000000083300000, 0x0000000083300000|100%|HC|  |TAMS 0x0000000083200000, 0x0000000083200000| Complete 
|   5|0x0000000083300000, 0x0000000083400000, 0x0000000083400000|100%| O|  |TAMS 0x0000000083300000, 0x0000000083300000| Untracked 
|   6|0x0000000083400000, 0x0000000083500000, 0x0000000083500000|100%| O|  |TAMS 0x0000000083400000, 0x0000000083400000| Untracked 
|   7|0x0000000083500000, 0x000000008357f800, 0x0000000083600000| 49%| O|  |TAMS 0x0000000083500000, 0x0000000083500000| Untracked 
|   8|0x0000000083600000, 0x0000000083600000, 0x0000000083700000|  0%| F|  |TAMS 0x0000000083600000, 0x0000000083600000| Untracked 
|   9|0x0000000083700000, 0x0000000083700000, 0x0000000083800000|  0%| F|  |TAMS 0x0000000083700000, 0x0000000083700000| Untracked 
|  10|0x0000000083800000, 0x0000000083800000, 0x0000000083900000|  0%| F|  |TAMS 0x0000000083800000, 0x0000000083800000| Untracked 
|  11|0x0000000083900000, 0x0000000083900000, 0x0000000083a00000|  0%| F|  |TAMS 0x0000000083900000, 0x0000000083900000| Untracked 
|  12|0x0000000083a00000, 0x0000000083a00000, 0x0000000083b00000|  0%| F|  |TAMS 0x0000000083a00000, 0x0000000083a00000| Untracked 
|  13|0x0000000083b00000, 0x0000000083b00000, 0x0000000083c00000|  0%| F|  |TAMS 0x0000000083b00000, 0x0000000083b00000| Untracked 
|  14|0x0000000083c00000, 0x0000000083c00000, 0x0000000083d00000|  0%| F|  |TAMS 0x0000000083c00000, 0x0000000083c00000| Untracked 
|  15|0x0000000083d00000, 0x0000000083d00000, 0x0000000083e00000|  0%| F|  |TAMS 0x0000000083d00000, 0x0000000083d00000| Untracked 
|  16|0x0000000083e00000, 0x0000000083e00000, 0x0000000083f00000|  0%| F|  |TAMS 0x0000000083e00000, 0x0000000083e00000| Untracked 
|  17|0x0000000083f00000, 0x0000000083f00000, 0x0000000084000000|  0%| F|  |TAMS 0x0000000083f00000, 0x0000000083f00000| Untracked 
|  18|0x0000000084000000, 0x0000000084000000, 0x0000000084100000|  0%| F|  |TAMS 0x0000000084000000, 0x0000000084000000| Untracked 
|  19|0x0000000084100000, 0x0000000084100000, 0x0000000084200000|  0%| F|  |TAMS 0x0000000084100000, 0x0000000084100000| Untracked 
|  20|0x0000000084200000, 0x0000000084200000, 0x0000000084300000|  0%| F|  |TAMS 0x0000000084200000, 0x0000000084200000| Untracked 
|  21|0x0000000084300000, 0x0000000084300000, 0x0000000084400000|  0%| F|  |TAMS 0x0000000084300000, 0x0000000084300000| Untracked 
|  22|0x0000000084400000, 0x0000000084400000, 0x0000000084500000|  0%| F|  |TAMS 0x0000000084400000, 0x0000000084400000| Untracked 
|  23|0x0000000084500000, 0x0000000084500000, 0x0000000084600000|  0%| F|  |TAMS 0x0000000084500000, 0x0000000084500000| Untracked 
|  24|0x0000000084600000, 0x0000000084600000, 0x0000000084700000|  0%| F|  |TAMS 0x0000000084600000, 0x0000000084600000| Untracked 
|  25|0x0000000084700000, 0x0000000084700000, 0x0000000084800000|  0%| F|  |TAMS 0x0000000084700000, 0x0000000084700000| Untracked 
|  26|0x0000000084800000, 0x0000000084800000, 0x0000000084900000|  0%| F|  |TAMS 0x0000000084800000, 0x0000000084800000| Untracked 
|  27|0x0000000084900000, 0x0000000084900000, 0x0000000084a00000|  0%| F|  |TAMS 0x0000000084900000, 0x0000000084900000| Untracked 
|  28|0x0000000084a00000, 0x0000000084a00000, 0x0000000084b00000|  0%| F|  |TAMS 0x0000000084a00000, 0x0000000084a00000| Untracked 
|  29|0x0000000084b00000, 0x0000000084b00000, 0x0000000084c00000|  0%| F|  |TAMS 0x0000000084b00000, 0x0000000084b00000| Untracked 
|  30|0x0000000084c00000, 0x0000000084c00000, 0x0000000084d00000|  0%| F|  |TAMS 0x0000000084c00000, 0x0000000084c00000| Untracked 
|  31|0x0000000084d00000, 0x0000000084d00000, 0x0000000084e00000|  0%| F|  |TAMS 0x0000000084d00000, 0x0000000084d00000| Untracked 
|  32|0x0000000084e00000, 0x0000000084e00000, 0x0000000084f00000|  0%| F|  |TAMS 0x0000000084e00000, 0x0000000084e00000| Untracked 
|  33|0x0000000084f00000, 0x0000000084f00000, 0x0000000085000000|  0%| F|  |TAMS 0x0000000084f00000, 0x0000000084f00000| Untracked 
|  34|0x0000000085000000, 0x0000000085000000, 0x0000000085100000|  0%| F|  |TAMS 0x0000000085000000, 0x0000000085000000| Untracked 
|  35|0x0000000085100000, 0x0000000085100000, 0x0000000085200000|  0%| F|  |TAMS 0x0000000085100000, 0x0000000085100000| Untracked 
|  36|0x0000000085200000, 0x0000000085200000, 0x0000000085300000|  0%| F|  |TAMS 0x0000000085200000, 0x0000000085200000| Untracked 
|  37|0x0000000085300000, 0x0000000085300000, 0x0000000085400000|  0%| F|  |TAMS 0x0000000085300000, 0x0000000085300000| Untracked 
|  38|0x0000000085400000, 0x0000000085400000, 0x0000000085500000|  0%| F|  |TAMS 0x0000000085400000, 0x0000000085400000| Untracked 
|  39|0x0000000085500000, 0x0000000085500000, 0x0000000085600000|  0%| F|  |TAMS 0x0000000085500000, 0x0000000085500000| Untracked 
|  40|0x0000000085600000, 0x0000000085600000, 0x0000000085700000|  0%| F|  |TAMS 0x0000000085600000, 0x0000000085600000| Untracked 
|  41|0x0000000085700000, 0x0000000085700000, 0x0000000085800000|  0%| F|  |TAMS 0x0000000085700000, 0x0000000085700000| Untracked 
|  42|0x0000000085800000, 0x0000000085800000, 0x0000000085900000|  0%| F|  |TAMS 0x0000000085800000, 0x0000000085800000| Untracked 
|  43|0x0000000085900000, 0x0000000085900000, 0x0000000085a00000|  0%| F|  |TAMS 0x0000000085900000, 0x0000000085900000| Untracked 
|  44|0x0000000085a00000, 0x0000000085a00000, 0x0000000085b00000|  0%| F|  |TAMS 0x0000000085a00000, 0x0000000085a00000| Untracked 
|  45|0x0000000085b00000, 0x0000000085b00000, 0x0000000085c00000|  0%| F|  |TAMS 0x0000000085b00000, 0x0000000085b00000| Untracked 
|  46|0x0000000085c00000, 0x0000000085c00000, 0x0000000085d00000|  0%| F|  |TAMS 0x0000000085c00000, 0x0000000085c00000| Untracked 
|  47|0x0000000085d00000, 0x0000000085d00000, 0x0000000085e00000|  0%| F|  |TAMS 0x0000000085d00000, 0x0000000085d00000| Untracked 
|  48|0x0000000085e00000, 0x0000000085e00000, 0x0000000085f00000|  0%| F|  |TAMS 0x0000000085e00000, 0x0000000085e00000| Untracked 
|  49|0x0000000085f00000, 0x0000000085f00000, 0x0000000086000000|  0%| F|  |TAMS 0x0000000085f00000, 0x0000000085f00000| Untracked 
|  50|0x0000000086000000, 0x0000000086000000, 0x0000000086100000|  0%| F|  |TAMS 0x0000000086000000, 0x0000000086000000| Untracked 
|  51|0x0000000086100000, 0x0000000086100000, 0x0000000086200000|  0%| F|  |TAMS 0x0000000086100000, 0x0000000086100000| Untracked 
|  52|0x0000000086200000, 0x0000000086200000, 0x0000000086300000|  0%| F|  |TAMS 0x0000000086200000, 0x0000000086200000| Untracked 
|  53|0x0000000086300000, 0x0000000086300000, 0x0000000086400000|  0%| F|  |TAMS 0x0000000086300000, 0x0000000086300000| Untracked 
|  54|0x0000000086400000, 0x0000000086400000, 0x0000000086500000|  0%| F|  |TAMS 0x0000000086400000, 0x0000000086400000| Untracked 
|  55|0x0000000086500000, 0x0000000086500000, 0x0000000086600000|  0%| F|  |TAMS 0x0000000086500000, 0x0000000086500000| Untracked 
|  56|0x0000000086600000, 0x0000000086600000, 0x0000000086700000|  0%| F|  |TAMS 0x0000000086600000, 0x0000000086600000| Untracked 
|  57|0x0000000086700000, 0x0000000086700000, 0x0000000086800000|  0%| F|  |TAMS 0x0000000086700000, 0x0000000086700000| Untracked 
|  58|0x0000000086800000, 0x0000000086800000, 0x0000000086900000|  0%| F|  |TAMS 0x0000000086800000, 0x0000000086800000| Untracked 
|  59|0x0000000086900000, 0x0000000086900000, 0x0000000086a00000|  0%| F|  |TAMS 0x0000000086900000, 0x0000000086900000| Untracked 
|  60|0x0000000086a00000, 0x0000000086a00000, 0x0000000086b00000|  0%| F|  |TAMS 0x0000000086a00000, 0x0000000086a00000| Untracked 
|  61|0x0000000086b00000, 0x0000000086b00000, 0x0000000086c00000|  0%| F|  |TAMS 0x0000000086b00000, 0x0000000086b00000| Untracked 
|  62|0x0000000086c00000, 0x0000000086c00000, 0x0000000086d00000|  0%| F|  |TAMS 0x0000000086c00000, 0x0000000086c00000| Untracked 
|  63|0x0000000086d00000, 0x0000000086d00000, 0x0000000086e00000|  0%| F|  |TAMS 0x0000000086d00000, 0x0000000086d00000| Untracked 
|  64|0x0000000086e00000, 0x0000000086e00000, 0x0000000086f00000|  0%| F|  |TAMS 0x0000000086e00000, 0x0000000086e00000| Untracked 
|  65|0x0000000086f00000, 0x0000000086f00000, 0x0000000087000000|  0%| F|  |TAMS 0x0000000086f00000, 0x0000000086f00000| Untracked 
|  66|0x0000000087000000, 0x0000000087000000, 0x0000000087100000|  0%| F|  |TAMS 0x0000000087000000, 0x0000000087000000| Untracked 
|  67|0x0000000087100000, 0x0000000087100000, 0x0000000087200000|  0%| F|  |TAMS 0x0000000087100000, 0x0000000087100000| Untracked 
|  68|0x0000000087200000, 0x0000000087200000, 0x0000000087300000|  0%| F|  |TAMS 0x0000000087200000, 0x0000000087200000| Untracked 
|  69|0x0000000087300000, 0x0000000087300000, 0x0000000087400000|  0%| F|  |TAMS 0x0000000087300000, 0x0000000087300000| Untracked 
|  70|0x0000000087400000, 0x0000000087400000, 0x0000000087500000|  0%| F|  |TAMS 0x0000000087400000, 0x0000000087400000| Untracked 
|  71|0x0000000087500000, 0x0000000087500000, 0x0000000087600000|  0%| F|  |TAMS 0x0000000087500000, 0x0000000087500000| Untracked 
|  72|0x0000000087600000, 0x0000000087600000, 0x0000000087700000|  0%| F|  |TAMS 0x0000000087600000, 0x0000000087600000| Untracked 
|  73|0x0000000087700000, 0x0000000087700000, 0x0000000087800000|  0%| F|  |TAMS 0x0000000087700000, 0x0000000087700000| Untracked 
|  74|0x0000000087800000, 0x0000000087800000, 0x0000000087900000|  0%| F|  |TAMS 0x0000000087800000, 0x0000000087800000| Untracked 
|  75|0x0000000087900000, 0x0000000087900000, 0x0000000087a00000|  0%| F|  |TAMS 0x0000000087900000, 0x0000000087900000| Untracked 
|  76|0x0000000087a00000, 0x0000000087a00000, 0x0000000087b00000|  0%| F|  |TAMS 0x0000000087a00000, 0x0000000087a00000| Untracked 
|  77|0x0000000087b00000, 0x0000000087b00000, 0x0000000087c00000|  0%| F|  |TAMS 0x0000000087b00000, 0x0000000087b00000| Untracked 
|  78|0x0000000087c00000, 0x0000000087c00000, 0x0000000087d00000|  0%| F|  |TAMS 0x0000000087c00000, 0x0000000087c00000| Untracked 
|  79|0x0000000087d00000, 0x0000000087d00000, 0x0000000087e00000|  0%| F|  |TAMS 0x0000000087d00000, 0x0000000087d00000| Untracked 
|  80|0x0000000087e00000, 0x0000000087e00000, 0x0000000087f00000|  0%| F|  |TAMS 0x0000000087e00000, 0x0000000087e00000| Untracked 
|  81|0x0000000087f00000, 0x0000000087f00000, 0x0000000088000000|  0%| F|  |TAMS 0x0000000087f00000, 0x0000000087f00000| Untracked 
|  82|0x0000000088000000, 0x0000000088000000, 0x0000000088100000|  0%| F|  |TAMS 0x0000000088000000, 0x0000000088000000| Untracked 
|  83|0x0000000088100000, 0x0000000088100000, 0x0000000088200000|  0%| F|  |TAMS 0x0000000088100000, 0x0000000088100000| Untracked 
|  84|0x0000000088200000, 0x0000000088200000, 0x0000000088300000|  0%| F|  |TAMS 0x0000000088200000, 0x0000000088200000| Untracked 
|  85|0x0000000088300000, 0x0000000088300000, 0x0000000088400000|  0%| F|  |TAMS 0x0000000088300000, 0x0000000088300000| Untracked 
|  86|0x0000000088400000, 0x0000000088400000, 0x0000000088500000|  0%| F|  |TAMS 0x0000000088400000, 0x0000000088400000| Untracked 
|  87|0x0000000088500000, 0x00000000885ee410, 0x0000000088600000| 93%| S|CS|TAMS 0x0000000088500000, 0x0000000088500000| Complete 
|  88|0x0000000088600000, 0x0000000088700000, 0x0000000088700000|100%| S|CS|TAMS 0x0000000088600000, 0x0000000088600000| Complete 
|  89|0x0000000088700000, 0x0000000088800000, 0x0000000088800000|100%| S|CS|TAMS 0x0000000088700000, 0x0000000088700000| Complete 
|  90|0x0000000088800000, 0x0000000088900000, 0x0000000088900000|100%| S|CS|TAMS 0x0000000088800000, 0x0000000088800000| Complete 
|  91|0x0000000088900000, 0x0000000088a00000, 0x0000000088a00000|100%| S|CS|TAMS 0x0000000088900000, 0x0000000088900000| Complete 
|  92|0x0000000088a00000, 0x0000000088a00000, 0x0000000088b00000|  0%| F|  |TAMS 0x0000000088a00000, 0x0000000088a00000| Untracked 
|  93|0x0000000088b00000, 0x0000000088b00000, 0x0000000088c00000|  0%| F|  |TAMS 0x0000000088b00000, 0x0000000088b00000| Untracked 
|  94|0x0000000088c00000, 0x0000000088c00000, 0x0000000088d00000|  0%| F|  |TAMS 0x0000000088c00000, 0x0000000088c00000| Untracked 
|  95|0x0000000088d00000, 0x0000000088d00000, 0x0000000088e00000|  0%| F|  |TAMS 0x0000000088d00000, 0x0000000088d00000| Untracked 
|  96|0x0000000088e00000, 0x0000000088e00000, 0x0000000088f00000|  0%| F|  |TAMS 0x0000000088e00000, 0x0000000088e00000| Untracked 
|  97|0x0000000088f00000, 0x0000000088f00000, 0x0000000089000000|  0%| F|  |TAMS 0x0000000088f00000, 0x0000000088f00000| Untracked 
|  98|0x0000000089000000, 0x0000000089000000, 0x0000000089100000|  0%| F|  |TAMS 0x0000000089000000, 0x0000000089000000| Untracked 
|  99|0x0000000089100000, 0x0000000089100000, 0x0000000089200000|  0%| F|  |TAMS 0x0000000089100000, 0x0000000089100000| Untracked 
| 100|0x0000000089200000, 0x0000000089200000, 0x0000000089300000|  0%| F|  |TAMS 0x0000000089200000, 0x0000000089200000| Untracked 
| 101|0x0000000089300000, 0x0000000089300000, 0x0000000089400000|  0%| F|  |TAMS 0x0000000089300000, 0x0000000089300000| Untracked 
| 102|0x0000000089400000, 0x0000000089400000, 0x0000000089500000|  0%| F|  |TAMS 0x0000000089400000, 0x0000000089400000| Untracked 
| 103|0x0000000089500000, 0x0000000089500000, 0x0000000089600000|  0%| F|  |TAMS 0x0000000089500000, 0x0000000089500000| Untracked 
| 104|0x0000000089600000, 0x0000000089600000, 0x0000000089700000|  0%| F|  |TAMS 0x0000000089600000, 0x0000000089600000| Untracked 
| 105|0x0000000089700000, 0x0000000089700000, 0x0000000089800000|  0%| F|  |TAMS 0x0000000089700000, 0x0000000089700000| Untracked 
| 106|0x0000000089800000, 0x0000000089800000, 0x0000000089900000|  0%| F|  |TAMS 0x0000000089800000, 0x0000000089800000| Untracked 
| 107|0x0000000089900000, 0x0000000089900000, 0x0000000089a00000|  0%| F|  |TAMS 0x0000000089900000, 0x0000000089900000| Untracked 
| 108|0x0000000089a00000, 0x0000000089a00000, 0x0000000089b00000|  0%| F|  |TAMS 0x0000000089a00000, 0x0000000089a00000| Untracked 
| 109|0x0000000089b00000, 0x0000000089b00000, 0x0000000089c00000|  0%| F|  |TAMS 0x0000000089b00000, 0x0000000089b00000| Untracked 
| 110|0x0000000089c00000, 0x0000000089c00000, 0x0000000089d00000|  0%| F|  |TAMS 0x0000000089c00000, 0x0000000089c00000| Untracked 
| 111|0x0000000089d00000, 0x0000000089d00000, 0x0000000089e00000|  0%| F|  |TAMS 0x0000000089d00000, 0x0000000089d00000| Untracked 
| 112|0x0000000089e00000, 0x0000000089e00000, 0x0000000089f00000|  0%| F|  |TAMS 0x0000000089e00000, 0x0000000089e00000| Untracked 
| 113|0x0000000089f00000, 0x0000000089f00000, 0x000000008a000000|  0%| F|  |TAMS 0x0000000089f00000, 0x0000000089f00000| Untracked 
| 114|0x000000008a000000, 0x000000008a000000, 0x000000008a100000|  0%| F|  |TAMS 0x000000008a000000, 0x000000008a000000| Untracked 
| 115|0x000000008a100000, 0x000000008a100000, 0x000000008a200000|  0%| F|  |TAMS 0x000000008a100000, 0x000000008a100000| Untracked 
| 116|0x000000008a200000, 0x000000008a200000, 0x000000008a300000|  0%| F|  |TAMS 0x000000008a200000, 0x000000008a200000| Untracked 
| 117|0x000000008a300000, 0x000000008a400000, 0x000000008a400000|100%| E|  |TAMS 0x000000008a300000, 0x000000008a300000| Complete 
| 118|0x000000008a400000, 0x000000008a500000, 0x000000008a500000|100%| E|CS|TAMS 0x000000008a400000, 0x000000008a400000| Complete 
| 119|0x000000008a500000, 0x000000008a600000, 0x000000008a600000|100%| E|CS|TAMS 0x000000008a500000, 0x000000008a500000| Complete 
| 120|0x000000008a600000, 0x000000008a700000, 0x000000008a700000|100%| E|CS|TAMS 0x000000008a600000, 0x000000008a600000| Complete 
| 121|0x000000008a700000, 0x000000008a800000, 0x000000008a800000|100%| E|CS|TAMS 0x000000008a700000, 0x000000008a700000| Complete 
| 122|0x000000008a800000, 0x000000008a900000, 0x000000008a900000|100%| E|CS|TAMS 0x000000008a800000, 0x000000008a800000| Complete 
| 123|0x000000008a900000, 0x000000008aa00000, 0x000000008aa00000|100%| E|CS|TAMS 0x000000008a900000, 0x000000008a900000| Complete 
| 124|0x000000008aa00000, 0x000000008ab00000, 0x000000008ab00000|100%| E|CS|TAMS 0x000000008aa00000, 0x000000008aa00000| Complete 
| 125|0x000000008ab00000, 0x000000008ac00000, 0x000000008ac00000|100%| E|CS|TAMS 0x000000008ab00000, 0x000000008ab00000| Complete 

Card table byte_map: [0x00000263fce90000,0x00000263fd280000] _byte_map_base: 0x00000263fca79000

Marking Bits (Prev, Next): (CMBitMap*) 0x00000263fc6d3b10, (CMBitMap*) 0x00000263fc6d3b50
 Prev Bits: [0x00000263fd670000, 0x00000263ff5b8000)
 Next Bits: [0x0000026396720000, 0x0000026398668000)

Polling page: 0x00000263fa830000

Metaspace:

Usage:
  Non-class:     12.72 MB used.
      Class:      2.13 MB used.
       Both:     14.84 MB used.

Virtual space:
  Non-class space:       16.00 MB reserved,      12.81 MB ( 80%) committed,  2 nodes.
      Class space:        1.00 GB reserved,       2.25 MB ( <1%) committed,  1 nodes.
             Both:        1.02 GB reserved,      15.06 MB (  1%) committed. 

Chunk freelists:
   Non-Class:  2.44 MB
       Class:  1.73 MB
        Both:  4.16 MB

MaxMetaspaceSize: unlimited
CompressedClassSpaceSize: 1.00 GB
Initial GC threshold: 21.00 MB
Current GC threshold: 21.00 MB
CDS: on
MetaspaceReclaimPolicy: balanced
 - commit_granule_bytes: 65536.
 - commit_granule_words: 8192.
 - virtual_space_node_default_size: 1048576.
 - enlarge_chunks_in_place: 1.
 - new_chunks_are_fully_committed: 0.
 - uncommit_free_chunks: 1.
 - use_allocation_guard: 0.
 - handle_deallocations: 1.


Internal statistics:

num_allocs_failed_limit: 0.
num_arena_births: 208.
num_arena_deaths: 0.
num_vsnodes_births: 3.
num_vsnodes_deaths: 0.
num_space_committed: 241.
num_space_uncommitted: 0.
num_chunks_returned_to_freelist: 0.
num_chunks_taken_from_freelist: 688.
num_chunk_merges: 0.
num_chunk_splits: 475.
num_chunks_enlarged: 365.
num_purges: 0.
num_inconsistent_stats: 0.

CodeHeap 'non-profiled nmethods': size=120000Kb used=906Kb max_used=906Kb free=119093Kb
 bounds [0x000002638f1f0000, 0x000002638f460000, 0x0000026396720000]
CodeHeap 'profiled nmethods': size=120000Kb used=4417Kb max_used=4417Kb free=115582Kb
 bounds [0x0000026387cc0000, 0x0000026388120000, 0x000002638f1f0000]
CodeHeap 'non-nmethods': size=5760Kb used=1421Kb max_used=1440Kb free=4338Kb
 bounds [0x0000026387720000, 0x0000026387990000, 0x0000026387cc0000]
 total_blobs=3287 nmethods=2507 adapters=692
 compilation: enabled
              stopped_count=0, restarted_count=0
 full_count=0

Compilation events (20 events):
Event: 32.715 Thread 0x000002639a7d8300 2500       4       com.sun.javafx.geom.transform.Translate2D::inverseTransform (48 bytes)
Event: 32.716 Thread 0x000002639a7d8300 nmethod 2500 0x000002638f2cf490 code [0x000002638f2cf600, 0x000002638f2cf6d8]
Event: 33.081 Thread 0x000002639a7e41c0 2501       1       com.sun.javafx.scene.control.behavior.BehaviorBase::getNode (5 bytes)
Event: 33.081 Thread 0x000002639a7e41c0 nmethod 2501 0x000002638f2cf790 code [0x000002638f2cf920, 0x000002638f2cf9f8]
Event: 33.142 Thread 0x000002639a7e41c0 2502       1       java.util.stream.ReferencePipeline$StatelessOp::opIsStateful (2 bytes)
Event: 33.143 Thread 0x000002639a7e41c0 nmethod 2502 0x000002638f2cfa90 code [0x000002638f2cfc20, 0x000002638f2cfcf8]
Event: 33.254 Thread 0x000002639a7e41c0 2503       3       com.sun.javafx.scene.control.inputmap.InputMap::testInterceptor (20 bytes)
Event: 33.255 Thread 0x000002639a7e41c0 nmethod 2503 0x000002638810ed90 code [0x000002638810ef40, 0x000002638810f1a8]
Event: 33.376 Thread 0x000002639a7e41c0 2504       3       java.util.ArrayList::toArray (12 bytes)
Event: 33.376 Thread 0x000002639a7e41c0 nmethod 2504 0x000002638810f290 code [0x000002638810f440, 0x000002638810f628]
Event: 33.824 Thread 0x000002639a7d8300 2505   !   4       javafx.scene.Node::pickNode (130 bytes)
Event: 33.828 Thread 0x000002639a7d8300 nmethod 2505 0x000002638f2cfd90 code [0x000002638f2cff60, 0x000002638f2d0488]
Event: 33.997 Thread 0x000002639a7e41c0 2506       3       javafx.scene.Node$16::invalidated (43 bytes)
Event: 33.998 Thread 0x000002639a7e41c0 nmethod 2506 0x000002638810f710 code [0x000002638810f980, 0x0000026388110438]
Event: 86.479 Thread 0x000002639a7d8300 2507       4       com.sun.javafx.tk.quantum.QuantumToolkit::postPulse (133 bytes)
Event: 86.531 Thread 0x000002639a7d8300 nmethod 2507 0x000002638f2d0b90 code [0x000002638f2d0d60, 0x000002638f2d1450]
Event: 86.623 Thread 0x000002639a7d8300 2508       4       com.sun.javafx.tk.quantum.QuantumToolkit$$Lambda$83/0x0000000800c31a70::run (8 bytes)
Event: 86.629 Thread 0x000002639a7d8300 nmethod 2508 0x000002638f2d1810 code [0x000002638f2d1a00, 0x000002638f2d2120]
Event: 476.249 Thread 0x000002639a7e41c0 2509       1       java.util.concurrent.atomic.AtomicInteger::get (5 bytes)
Event: 476.249 Thread 0x000002639a7e41c0 nmethod 2509 0x000002638f2d2590 code [0x000002638f2d2720, 0x000002638f2d27f8]

GC Heap History (4 events):
Event: 0.669 GC heap before
{Heap before GC invocations=0 (full 0):
 garbage-first heap   total 129024K, used 22528K [0x0000000082e00000, 0x0000000100000000)
  region size 1024K, 23 young (23552K), 0 survivors (0K)
 Metaspace       used 5521K, committed 5760K, reserved 1056768K
  class space    used 684K, committed 832K, reserved 1048576K
}
Event: 0.672 GC heap after
{Heap after GC invocations=1 (full 0):
 garbage-first heap   total 129024K, used 3371K [0x0000000082e00000, 0x0000000100000000)
  region size 1024K, 3 young (3072K), 3 survivors (3072K)
 Metaspace       used 5521K, committed 5760K, reserved 1056768K
  class space    used 684K, committed 832K, reserved 1048576K
}
Event: 13.904 GC heap before
{Heap before GC invocations=1 (full 0):
 garbage-first heap   total 129024K, used 38187K [0x0000000082e00000, 0x0000000100000000)
  region size 1024K, 34 young (34816K), 3 survivors (3072K)
 Metaspace       used 13584K, committed 13888K, reserved 1064960K
  class space    used 1833K, committed 1984K, reserved 1048576K
}
Event: 13.909 GC heap after
{Heap after GC invocations=2 (full 0):
 garbage-first heap   total 129024K, used 12727K [0x0000000082e00000, 0x0000000100000000)
  region size 1024K, 5 young (5120K), 5 survivors (5120K)
 Metaspace       used 13584K, committed 13888K, reserved 1064960K
  class space    used 1833K, committed 1984K, reserved 1048576K
}

Deoptimization events (20 events):
Event: 1.161 Thread 0x000002639beb25b0 Uncommon trap: trap_request=0xffffffde fr.pc=0x000002638f25c10c relative=0x000000000000018c
Event: 1.161 Thread 0x000002639beb25b0 Uncommon trap: reason=class_check action=maybe_recompile pc=0x000002638f25c10c method=java.lang.String.equals(Ljava/lang/Object;)Z @ 8 c2
Event: 1.161 Thread 0x000002639beb25b0 DEOPT PACKING pc=0x000002638f25c10c sp=0x000000afd3bfd5e0
Event: 1.161 Thread 0x000002639beb25b0 DEOPT UNPACKING pc=0x00000263877723a3 sp=0x000000afd3bfd578 mode 2
Event: 1.161 Thread 0x000002639beb25b0 Uncommon trap: trap_request=0xffffffde fr.pc=0x000002638f25c10c relative=0x000000000000018c
Event: 1.161 Thread 0x000002639beb25b0 Uncommon trap: reason=class_check action=maybe_recompile pc=0x000002638f25c10c method=java.lang.String.equals(Ljava/lang/Object;)Z @ 8 c2
Event: 1.161 Thread 0x000002639beb25b0 DEOPT PACKING pc=0x000002638f25c10c sp=0x000000afd3bfd5e0
Event: 1.161 Thread 0x000002639beb25b0 DEOPT UNPACKING pc=0x00000263877723a3 sp=0x000000afd3bfd578 mode 2
Event: 1.163 Thread 0x000002639beb25b0 Uncommon trap: trap_request=0xffffffde fr.pc=0x000002638f25c10c relative=0x000000000000018c
Event: 1.163 Thread 0x000002639beb25b0 Uncommon trap: reason=class_check action=maybe_recompile pc=0x000002638f25c10c method=java.lang.String.equals(Ljava/lang/Object;)Z @ 8 c2
Event: 1.163 Thread 0x000002639beb25b0 DEOPT PACKING pc=0x000002638f25c10c sp=0x000000afd3bfd520
Event: 1.163 Thread 0x000002639beb25b0 DEOPT UNPACKING pc=0x00000263877723a3 sp=0x000000afd3bfd4b8 mode 2
Event: 3.547 Thread 0x000002639beb25b0 Uncommon trap: trap_request=0xffffffc6 fr.pc=0x000002638f24f208 relative=0x00000000000009a8
Event: 3.547 Thread 0x000002639beb25b0 Uncommon trap: reason=bimorphic_or_optimized_type_check action=maybe_recompile pc=0x000002638f24f208 method=java.io.DataInputStream.readFully([BII)V @ 30 c2
Event: 3.547 Thread 0x000002639beb25b0 DEOPT PACKING pc=0x000002638f24f208 sp=0x000000afd3bfc010
Event: 3.547 Thread 0x000002639beb25b0 DEOPT UNPACKING pc=0x00000263877723a3 sp=0x000000afd3bfbfe8 mode 2
Event: 3.547 Thread 0x000002639beb25b0 Uncommon trap: trap_request=0xffffffc6 fr.pc=0x000002638f24f208 relative=0x00000000000009a8
Event: 3.547 Thread 0x000002639beb25b0 Uncommon trap: reason=bimorphic_or_optimized_type_check action=maybe_recompile pc=0x000002638f24f208 method=java.io.DataInputStream.readFully([BII)V @ 30 c2
Event: 3.547 Thread 0x000002639beb25b0 DEOPT PACKING pc=0x000002638f24f208 sp=0x000000afd3bfbe70
Event: 3.547 Thread 0x000002639beb25b0 DEOPT UNPACKING pc=0x00000263877723a3 sp=0x000000afd3bfbe48 mode 2

Classes unloaded (0 events):
No events

Classes redefined (0 events):
No events

Internal exceptions (20 events):
Event: 0.807 Thread 0x000002639beb25b0 Exception <a 'java/lang/NoSuchMethodError'{0x000000008a1aeb60}: 'void java.lang.invoke.DirectMethodHandle$Holder.invokeStaticInit(java.lang.Object, java.lang.Object)'> (0x000000008a1aeb60) 
thrown [t:\workspace\open\src\hotspot\share\interpreter\linkResolver.cpp, line 766]
Event: 0.850 Thread 0x000002639beb25b0 Exception <a 'sun/nio/fs/WindowsException'{0x000000008a0f4118}> (0x000000008a0f4118) 
thrown [t:\workspace\open\src\hotspot\share\prims\jni.cpp, line 516]
Event: 0.944 Thread 0x000002639beb25b0 Exception <a 'java/lang/NoSuchMethodError'{0x0000000089d02d10}: 'void java.lang.invoke.DirectMethodHandle$Holder.invokeSpecial(java.lang.Object, java.lang.Object, java.lang.Object, java.lang.Object, java.lang.Object)'> (0x0000000089d02d10) 
thrown [t:\workspace\open\src\hotspot\share\interpreter\linkResolver.cpp, line 766]
Event: 1.022 Thread 0x000002639beb25b0 Exception <a 'sun/nio/fs/WindowsException'{0x0000000089b50840}> (0x0000000089b50840) 
thrown [t:\workspace\open\src\hotspot\share\prims\jni.cpp, line 516]
Event: 1.070 Thread 0x000002639beb25b0 Implicit null exception at 0x000002638f24c00f to 0x000002638f24c468
Event: 1.181 Thread 0x000002639beb25b0 Exception <a 'java/lang/NoSuchMethodError'{0x00000000895feac8}: 'java.lang.Object java.lang.invoke.DirectMethodHandle$Holder.invokeInterface(java.lang.Object, java.lang.Object, java.lang.Object)'> (0x00000000895feac8) 
thrown [t:\workspace\open\src\hotspot\share\interpreter\linkResolver.cpp, line 766]
Event: 1.182 Thread 0x000002639beb25b0 Exception <a 'java/lang/IncompatibleClassChangeError'{0x0000000089102900}: Found class java.lang.Object, but interface was expected> (0x0000000089102900) 
thrown [t:\workspace\open\src\hotspot\share\interpreter\linkResolver.cpp, line 833]
Event: 1.221 Thread 0x000002639beb25b0 Exception <a 'java/lang/NoSuchMethodError'{0x000000008907f838}: 'java.lang.Object java.lang.invoke.DirectMethodHandle$Holder.newInvokeSpecial(java.lang.Object, java.lang.Object, int)'> (0x000000008907f838) 
thrown [t:\workspace\open\src\hotspot\share\interpreter\linkResolver.cpp, line 766]
Event: 1.241 Thread 0x000002639bb13790 Exception <a 'java/lang/NoSuchMethodError'{0x0000000088f20ca8}: 'int java.lang.invoke.DirectMethodHandle$Holder.invokeStaticInit(java.lang.Object, java.lang.Object)'> (0x0000000088f20ca8) 
thrown [t:\workspace\open\src\hotspot\share\interpreter\linkResolver.cpp, line 766]
Event: 3.377 Thread 0x000002639beb25b0 Exception <a 'java/lang/NoSuchMethodError'{0x0000000088c92f20}: 'long java.lang.invoke.DirectMethodHandle$Holder.invokeStatic(java.lang.Object, java.lang.Object, java.lang.Object)'> (0x0000000088c92f20) 
thrown [t:\workspace\open\src\hotspot\share\interpreter\linkResolver.cpp, line 766]
Event: 3.377 Thread 0x000002639beb25b0 Exception <a 'java/lang/NoSuchMethodError'{0x0000000088c966c8}: 'long java.lang.invoke.DirectMethodHandle$Holder.invokeStaticInit(java.lang.Object, java.lang.Object, java.lang.Object)'> (0x0000000088c966c8) 
thrown [t:\workspace\open\src\hotspot\share\interpreter\linkResolver.cpp, line 766]
Event: 3.378 Thread 0x000002639beb25b0 Exception <a 'java/lang/NoSuchMethodError'{0x0000000088cae2d0}: 'java.lang.Object java.lang.invoke.DirectMethodHandle$Holder.newInvokeSpecial(java.lang.Object, java.lang.Object, long)'> (0x0000000088cae2d0) 
thrown [t:\workspace\open\src\hotspot\share\interpreter\linkResolver.cpp, line 766]
Event: 3.378 Thread 0x000002639beb25b0 Exception <a 'java/lang/NoSuchMethodError'{0x0000000088cb1e40}: 'java.lang.Object java.lang.invoke.Invokers$Holder.linkToTargetMethod(java.lang.Object, long, java.lang.Object)'> (0x0000000088cb1e40) 
thrown [t:\workspace\open\src\hotspot\share\interpreter\linkResolver.cpp, line 766]
Event: 13.943 Thread 0x000002639beb25b0 Exception <a 'java/lang/ClassNotFoundException'{0x000000008aaae2e0}: com/sun/javafx/scene/control/skin/resources/controls> (0x000000008aaae2e0) 
thrown [t:\workspace\open\src\hotspot\share\prims\jni.cpp, line 535]
Event: 13.944 Thread 0x000002639beb25b0 Exception <a 'java/lang/ClassNotFoundException'{0x000000008aabc5e0}: com/sun/javafx/scene/control/skin/resources/controls_ru> (0x000000008aabc5e0) 
thrown [t:\workspace\open\src\hotspot\share\prims\jni.cpp, line 535]
Event: 13.944 Thread 0x000002639beb25b0 Exception <a 'java/lang/ClassNotFoundException'{0x000000008aabdd78}: com/sun/javafx/scene/control/skin/resources/controls_ru_RU> (0x000000008aabdd78) 
thrown [t:\workspace\open\src\hotspot\share\prims\jni.cpp, line 535]
Event: 13.974 Thread 0x000002639beb25b0 Exception <a 'java/lang/NoSuchMethodError'{0x000000008a835ac8}: 'void java.lang.invoke.DirectMethodHandle$Holder.invokeSpecial(java.lang.Object, java.lang.Object, java.lang.Object, java.lang.Object, java.lang.Object, java.lang.Object)'> (0x000000008a835ac8) 
thrown [t:\workspace\open\src\hotspot\share\interpreter\linkResolver.cpp, line 766]
Event: 31.841 Thread 0x000002639beb25b0 Exception <a 'java/lang/NoSuchMethodError'{0x000000008a4b8358}: 'java.lang.Object java.lang.invoke.DirectMethodHandle$Holder.newInvokeSpecial(java.lang.Object, java.lang.Object, int, int, int, int, int, java.lang.Object)'> (0x000000008a4b8358) 
thrown [t:\workspace\open\src\hotspot\share\interpreter\linkResolver.cpp, line 766]
Event: 31.842 Thread 0x000002639beb25b0 Exception <a 'java/lang/NoSuchMethodError'{0x000000008a4cbb30}: 'java.lang.Object java.lang.invoke.DirectMethodHandle$Holder.newInvokeSpecial(java.lang.Object, java.lang.Object, java.lang.Object, int, int, int, int, int)'> (0x000000008a4cbb30) 
thrown [t:\workspace\open\src\hotspot\share\interpreter\linkResolver.cpp, line 766]
Event: 31.842 Thread 0x000002639beb25b0 Exception <a 'java/lang/NoSuchMethodError'{0x000000008a4d3e30}: 'java.lang.Object java.lang.invoke.Invokers$Holder.linkToTargetMethod(java.lang.Object, java.lang.Object, int, int, int, int, int, java.lang.Object)'> (0x000000008a4d3e30) 
thrown [t:\workspace\open\src\hotspot\share\interpreter\linkResolver.cpp, line 766]

VM Operations (20 events):
Event: 21.913 Executing VM operation: Cleanup done
Event: 23.914 Executing VM operation: Cleanup
Event: 23.914 Executing VM operation: Cleanup done
Event: 24.914 Executing VM operation: Cleanup
Event: 24.914 Executing VM operation: Cleanup done
Event: 26.915 Executing VM operation: Cleanup
Event: 26.915 Executing VM operation: Cleanup done
Event: 28.916 Executing VM operation: Cleanup
Event: 28.916 Executing VM operation: Cleanup done
Event: 31.917 Executing VM operation: Cleanup
Event: 31.917 Executing VM operation: Cleanup done
Event: 32.918 Executing VM operation: Cleanup
Event: 32.918 Executing VM operation: Cleanup done
Event: 33.918 Executing VM operation: Cleanup
Event: 33.918 Executing VM operation: Cleanup done
Event: 35.919 Executing VM operation: Cleanup
Event: 35.919 Executing VM operation: Cleanup done
Event: 36.919 Executing VM operation: Cleanup
Event: 36.920 Executing VM operation: Cleanup done
Event: 476.249 Executing VM operation: Exit

Events (20 events):
Event: 17.440 loading class sun/util/resources/Bundles$2
Event: 17.440 loading class sun/util/resources/Bundles$2 done
Event: 17.442 loading class sun/text/RuleBasedBreakIterator
Event: 17.442 loading class sun/text/RuleBasedBreakIterator done
Event: 17.442 loading class sun/text/CompactByteArray
Event: 17.443 loading class sun/text/CompactByteArray done
Event: 17.443 loading class sun/text/SupplementaryCharacterData
Event: 17.443 loading class sun/text/SupplementaryCharacterData done
Event: 17.443 loading class java/text/BreakIterator$BreakIteratorCache
Event: 17.443 loading class java/text/BreakIterator$BreakIteratorCache done
Event: 20.838 loading class java/text/StringCharacterIterator
Event: 20.876 loading class java/text/StringCharacterIterator done
Event: 476.247 loading class jdk/internal/misc/Signal$1
Event: 476.247 loading class jdk/internal/misc/Signal$1 done
Event: 476.248 Thread 0x00000263a0757dc0 Thread added: 0x00000263a0757dc0
Event: 476.248 Thread 0x00000263a0758c30 Thread added: 0x00000263a0758c30
Event: 476.248 Thread 0x00000263a0759aa0 Thread added: 0x00000263a0759aa0
Event: 476.248 Thread 0x00000263a0759aa0 Thread exited: 0x00000263a0759aa0
Event: 476.249 Thread 0x00000263a0758c30 Thread exited: 0x00000263a0758c30
Event: 476.249 Thread 0x000002639a7d3910 Thread exited: 0x000002639a7d3910


Dynamic libraries:
0x00007ff7576f0000 - 0x00007ff7576fe000 	D:\programms\JDK17\bin\java.exe
0x00007ffee9710000 - 0x00007ffee9905000 	C:\WINDOWS\SYSTEM32\ntdll.dll
0x00007ffee7760000 - 0x00007ffee781e000 	C:\WINDOWS\System32\KERNEL32.DLL
0x00007ffee70f0000 - 0x00007ffee73b8000 	C:\WINDOWS\System32\KERNELBASE.dll
0x00007ffee7560000 - 0x00007ffee7660000 	C:\WINDOWS\System32\ucrtbase.dll
0x00007ffed3c40000 - 0x00007ffed3c5a000 	D:\programms\JDK17\bin\VCRUNTIME140.dll
0x00007ffee0fc0000 - 0x00007ffee0fd8000 	D:\programms\JDK17\bin\jli.dll
0x00007ffee8180000 - 0x00007ffee8321000 	C:\WINDOWS\System32\USER32.dll
0x00007ffee7450000 - 0x00007ffee7472000 	C:\WINDOWS\System32\win32u.dll
0x00007ffecb660000 - 0x00007ffecb8fa000 	C:\WINDOWS\WinSxS\amd64_microsoft.windows.common-controls_6595b64144ccf1df_6.0.19041.1110_none_60b5254171f9507e\COMCTL32.dll
0x00007ffee9590000 - 0x00007ffee95bb000 	C:\WINDOWS\System32\GDI32.dll
0x00007ffee80e0000 - 0x00007ffee817e000 	C:\WINDOWS\System32\msvcrt.dll
0x00007ffee6fe0000 - 0x00007ffee70eb000 	C:\WINDOWS\System32\gdi32full.dll
0x00007ffee7660000 - 0x00007ffee76fd000 	C:\WINDOWS\System32\msvcp_win.dll
0x00007ffee7ed0000 - 0x00007ffee7f00000 	C:\WINDOWS\System32\IMM32.DLL
0x00007ffee21b0000 - 0x00007ffee21bc000 	D:\programms\JDK17\bin\vcruntime140_1.dll
0x00007ffeb98a0000 - 0x00007ffeb992d000 	D:\programms\JDK17\bin\msvcp140.dll
0x00007ffe98b20000 - 0x00007ffe996de000 	D:\programms\JDK17\bin\server\jvm.dll
0x00007ffee9620000 - 0x00007ffee96cc000 	C:\WINDOWS\System32\ADVAPI32.dll
0x00007ffee7950000 - 0x00007ffee79eb000 	C:\WINDOWS\System32\sechost.dll
0x00007ffee7820000 - 0x00007ffee794a000 	C:\WINDOWS\System32\RPCRT4.dll
0x00007ffee8c70000 - 0x00007ffee8c78000 	C:\WINDOWS\System32\PSAPI.DLL
0x00007ffece680000 - 0x00007ffece689000 	C:\WINDOWS\SYSTEM32\WSOCK32.dll
0x00007ffed25c0000 - 0x00007ffed25e7000 	C:\WINDOWS\SYSTEM32\WINMM.dll
0x00007ffee8690000 - 0x00007ffee86fb000 	C:\WINDOWS\System32\WS2_32.dll
0x00007ffedf870000 - 0x00007ffedf87a000 	C:\WINDOWS\SYSTEM32\VERSION.dll
0x00007ffee56b0000 - 0x00007ffee56c2000 	C:\WINDOWS\SYSTEM32\kernel.appcore.dll
0x00007ffee2150000 - 0x00007ffee215a000 	D:\programms\JDK17\bin\jimage.dll
0x00007ffee53e0000 - 0x00007ffee55c4000 	C:\WINDOWS\SYSTEM32\DBGHELP.DLL
0x00007ffeceb90000 - 0x00007ffecebbc000 	C:\WINDOWS\SYSTEM32\dbgcore.DLL
0x00007ffee73c0000 - 0x00007ffee7443000 	C:\WINDOWS\System32\bcryptPrimitives.dll
0x00007ffee0e00000 - 0x00007ffee0e0e000 	D:\programms\JDK17\bin\instrument.dll
0x00007ffed3c10000 - 0x00007ffed3c35000 	D:\programms\JDK17\bin\java.dll
0x00007ffeaa6a0000 - 0x00007ffeaa776000 	D:\programms\JDK17\bin\svml.dll
0x00007ffee8e30000 - 0x00007ffee956f000 	C:\WINDOWS\System32\SHELL32.dll
0x00007ffee4c40000 - 0x00007ffee53d0000 	C:\WINDOWS\SYSTEM32\windows.storage.dll
0x00007ffee8330000 - 0x00007ffee8685000 	C:\WINDOWS\System32\combase.dll
0x00007ffee6880000 - 0x00007ffee68ae000 	C:\WINDOWS\SYSTEM32\Wldp.dll
0x00007ffee7f00000 - 0x00007ffee7fad000 	C:\WINDOWS\System32\SHCORE.dll
0x00007ffee8700000 - 0x00007ffee8755000 	C:\WINDOWS\System32\shlwapi.dll
0x00007ffee6d70000 - 0x00007ffee6d8f000 	C:\WINDOWS\SYSTEM32\profapi.dll
0x00007ffed3bf0000 - 0x00007ffed3c09000 	D:\programms\JDK17\bin\net.dll
0x00007ffed4c70000 - 0x00007ffed4d7c000 	C:\WINDOWS\SYSTEM32\WINHTTP.dll
0x00007ffee65e0000 - 0x00007ffee664a000 	C:\WINDOWS\system32\mswsock.dll
0x00007ffed2c30000 - 0x00007ffed2c45000 	D:\programms\JDK17\bin\nio.dll
0x00007ffecd7f0000 - 0x00007ffecd808000 	D:\programms\JDK17\bin\zip.dll
0x00007ffebf200000 - 0x00007ffebf21a000 	D:\programms\Java\IntelliJ IDEA 2021.2.1\bin\breakgen64.dll
0x000002639a9a0000 - 0x000002639a9a3000 	C:\Users\111\.openjfx\cache\17-ea\api-ms-win-core-console-l1-1-0.dll
0x000002639a9b0000 - 0x000002639a9b3000 	C:\Users\111\.openjfx\cache\17-ea\api-ms-win-core-console-l1-2-0.dll
0x000002639a9c0000 - 0x000002639a9c3000 	C:\Users\111\.openjfx\cache\17-ea\api-ms-win-core-datetime-l1-1-0.dll
0x000002639a9d0000 - 0x000002639a9d3000 	C:\Users\111\.openjfx\cache\17-ea\api-ms-win-core-debug-l1-1-0.dll
0x000002639a9e0000 - 0x000002639a9e3000 	C:\Users\111\.openjfx\cache\17-ea\api-ms-win-core-errorhandling-l1-1-0.dll
0x000002639a9f0000 - 0x000002639a9f4000 	C:\Users\111\.openjfx\cache\17-ea\api-ms-win-core-file-l1-1-0.dll
0x000002639aa00000 - 0x000002639aa03000 	C:\Users\111\.openjfx\cache\17-ea\api-ms-win-core-file-l1-2-0.dll
0x000002639aa10000 - 0x000002639aa13000 	C:\Users\111\.openjfx\cache\17-ea\api-ms-win-core-file-l2-1-0.dll
0x000002639aa20000 - 0x000002639aa23000 	C:\Users\111\.openjfx\cache\17-ea\api-ms-win-core-handle-l1-1-0.dll
0x000002639aa30000 - 0x000002639aa33000 	C:\Users\111\.openjfx\cache\17-ea\api-ms-win-core-heap-l1-1-0.dll
0x000002639aa40000 - 0x000002639aa43000 	C:\Users\111\.openjfx\cache\17-ea\api-ms-win-core-interlocked-l1-1-0.dll
0x000002639aa50000 - 0x000002639aa53000 	C:\Users\111\.openjfx\cache\17-ea\api-ms-win-core-libraryloader-l1-1-0.dll
0x000002639aa60000 - 0x000002639aa63000 	C:\Users\111\.openjfx\cache\17-ea\api-ms-win-core-localization-l1-2-0.dll
0x000002639aa70000 - 0x000002639aa73000 	C:\Users\111\.openjfx\cache\17-ea\api-ms-win-core-memory-l1-1-0.dll
0x000002639aa80000 - 0x000002639aa83000 	C:\Users\111\.openjfx\cache\17-ea\api-ms-win-core-namedpipe-l1-1-0.dll
0x000002639aa90000 - 0x000002639aa93000 	C:\Users\111\.openjfx\cache\17-ea\api-ms-win-core-processenvironment-l1-1-0.dll
0x000002639aaa0000 - 0x000002639aaa3000 	C:\Users\111\.openjfx\cache\17-ea\api-ms-win-core-processthreads-l1-1-0.dll
0x000002639aab0000 - 0x000002639aab3000 	C:\Users\111\.openjfx\cache\17-ea\api-ms-win-core-processthreads-l1-1-1.dll
0x000002639aac0000 - 0x000002639aac3000 	C:\Users\111\.openjfx\cache\17-ea\api-ms-win-core-profile-l1-1-0.dll
0x000002639aad0000 - 0x000002639aad3000 	C:\Users\111\.openjfx\cache\17-ea\api-ms-win-core-rtlsupport-l1-1-0.dll
0x000002639aae0000 - 0x000002639aae3000 	C:\Users\111\.openjfx\cache\17-ea\api-ms-win-core-string-l1-1-0.dll
0x000002639aaf0000 - 0x000002639aaf3000 	C:\Users\111\.openjfx\cache\17-ea\api-ms-win-core-synch-l1-1-0.dll
0x000002639ab00000 - 0x000002639ab03000 	C:\Users\111\.openjfx\cache\17-ea\api-ms-win-core-synch-l1-2-0.dll
0x000002639ab10000 - 0x000002639ab13000 	C:\Users\111\.openjfx\cache\17-ea\api-ms-win-core-sysinfo-l1-1-0.dll
0x000002639ab20000 - 0x000002639ab23000 	C:\Users\111\.openjfx\cache\17-ea\api-ms-win-core-timezone-l1-1-0.dll
0x000002639ab30000 - 0x000002639ab33000 	C:\Users\111\.openjfx\cache\17-ea\api-ms-win-core-util-l1-1-0.dll
0x000002639ab40000 - 0x000002639ab43000 	C:\Users\111\.openjfx\cache\17-ea\api-ms-win-crt-conio-l1-1-0.dll
0x000002639ab50000 - 0x000002639ab54000 	C:\Users\111\.openjfx\cache\17-ea\api-ms-win-crt-convert-l1-1-0.dll
0x000002639ab60000 - 0x000002639ab63000 	C:\Users\111\.openjfx\cache\17-ea\api-ms-win-crt-environment-l1-1-0.dll
0x000002639ab70000 - 0x000002639ab73000 	C:\Users\111\.openjfx\cache\17-ea\api-ms-win-crt-filesystem-l1-1-0.dll
0x000002639ab80000 - 0x000002639ab83000 	C:\Users\111\.openjfx\cache\17-ea\api-ms-win-crt-heap-l1-1-0.dll
0x000002639ab90000 - 0x000002639ab93000 	C:\Users\111\.openjfx\cache\17-ea\api-ms-win-crt-locale-l1-1-0.dll
0x000002639aba0000 - 0x000002639aba5000 	C:\Users\111\.openjfx\cache\17-ea\api-ms-win-crt-math-l1-1-0.dll
0x000002639abb0000 - 0x000002639abb5000 	C:\Users\111\.openjfx\cache\17-ea\api-ms-win-crt-multibyte-l1-1-0.dll
0x000002639abc0000 - 0x000002639abd0000 	C:\Users\111\.openjfx\cache\17-ea\api-ms-win-crt-private-l1-1-0.dll
0x000002639abd0000 - 0x000002639abd3000 	C:\Users\111\.openjfx\cache\17-ea\api-ms-win-crt-process-l1-1-0.dll
0x000002639abe0000 - 0x000002639abe4000 	C:\Users\111\.openjfx\cache\17-ea\api-ms-win-crt-runtime-l1-1-0.dll
0x000002639abf0000 - 0x000002639abf4000 	C:\Users\111\.openjfx\cache\17-ea\api-ms-win-crt-stdio-l1-1-0.dll
0x000002639c000000 - 0x000002639c004000 	C:\Users\111\.openjfx\cache\17-ea\api-ms-win-crt-string-l1-1-0.dll
0x000002639c010000 - 0x000002639c013000 	C:\Users\111\.openjfx\cache\17-ea\api-ms-win-crt-time-l1-1-0.dll
0x000002639c020000 - 0x000002639c023000 	C:\Users\111\.openjfx\cache\17-ea\api-ms-win-crt-utility-l1-1-0.dll
0x00007ffe9c180000 - 0x00007ffe9c27c000 	C:\Users\111\.openjfx\cache\17-ea\ucrtbase.dll
0x00007ffecdd20000 - 0x00007ffecdd3a000 	C:\Users\111\.openjfx\cache\17-ea\vcruntime140.dll
0x00007ffedbd60000 - 0x00007ffedbd6c000 	C:\Users\111\.openjfx\cache\17-ea\vcruntime140_1.dll
0x00007ffea7860000 - 0x00007ffea78ed000 	C:\Users\111\.openjfx\cache\17-ea\msvcp140.dll
0x00007ffecdcf0000 - 0x00007ffecdd17000 	C:\Users\111\.openjfx\cache\17-ea\prism_d3d.dll
0x00007ffed9b30000 - 0x00007ffed9cfe000 	C:\WINDOWS\system32\d3d9.dll
0x00007ffee47c0000 - 0x00007ffee47ef000 	C:\WINDOWS\SYSTEM32\dwmapi.dll
0x00007ffee44c0000 - 0x00007ffee455e000 	C:\WINDOWS\system32\uxtheme.dll
0x00007ffe99740000 - 0x00007ffe998a3000 	C:\WINDOWS\System32\DriverStore\FileRepository\iigd_dch.inf_amd64_a086f01cc7be643a\igdumdim64.dll
0x00007ffe92ee0000 - 0x00007ffe968e4000 	C:\WINDOWS\System32\DriverStore\FileRepository\iigd_dch.inf_amd64_a086f01cc7be643a\igd9dxva64.dll
0x00007ffee8760000 - 0x00007ffee888a000 	C:\WINDOWS\System32\ole32.dll
0x00007ffee8d60000 - 0x00007ffee8e2d000 	C:\WINDOWS\System32\OLEAUT32.dll
0x00007ffee7a50000 - 0x00007ffee7ec2000 	C:\WINDOWS\System32\SETUPAPI.dll
0x00007ffee6e30000 - 0x00007ffee6e7e000 	C:\WINDOWS\System32\cfgmgr32.dll
0x00007ffee7530000 - 0x00007ffee7557000 	C:\WINDOWS\System32\bcrypt.dll
0x00007ffed93b0000 - 0x00007ffed95ef000 	C:\WINDOWS\System32\DriverStore\FileRepository\iigd_dch.inf_amd64_a086f01cc7be643a\igdgmm64.dll
0x00007ffebbe60000 - 0x00007ffebbea2000 	C:\Users\111\.openjfx\cache\17-ea\glass.dll
0x00007ffee8c80000 - 0x00007ffee8d5a000 	C:\WINDOWS\System32\COMDLG32.dll
0x00007ffee89a0000 - 0x00007ffee8ab5000 	C:\WINDOWS\System32\MSCTF.dll
0x00007ffe9b7c0000 - 0x00007ffe9b7e7000 	C:\WINDOWS\System32\DriverStore\FileRepository\iigd_dch.inf_amd64_a086f01cc7be643a\igdinfo64.dll
0x00007ffed5440000 - 0x00007ffed80a2000 	C:\WINDOWS\System32\DriverStore\FileRepository\iigd_dch.inf_amd64_a086f01cc7be643a\igc64.dll
0x00007ffee09e0000 - 0x00007ffee0a1b000 	C:\WINDOWS\SYSTEM32\dxcore.dll
0x00007ffee62d0000 - 0x00007ffee639b000 	C:\WINDOWS\SYSTEM32\DNSAPI.dll
0x00007ffee6280000 - 0x00007ffee62bb000 	C:\WINDOWS\SYSTEM32\IPHLPAPI.DLL
0x00007ffee8040000 - 0x00007ffee8048000 	C:\WINDOWS\System32\NSI.dll
0x00007ffed4960000 - 0x00007ffed496a000 	C:\Windows\System32\rasadhlp.dll
0x00007ffed4bf0000 - 0x00007ffed4c6f000 	C:\WINDOWS\System32\fwpuclnt.dll
0x00007ffecdc40000 - 0x00007ffecdc54000 	C:\Users\111\.openjfx\cache\17-ea\javafx_font.dll
0x00007ffed3760000 - 0x00007ffed39e3000 	C:\WINDOWS\SYSTEM32\dwrite.dll
0x00007ffecd530000 - 0x00007ffecd55d000 	C:\Users\111\.openjfx\cache\17-ea\javafx_iio.dll
0x00007ffee8890000 - 0x00007ffee8939000 	C:\WINDOWS\System32\clbcatq.dll
0x00007ffede270000 - 0x00007ffede424000 	C:\WINDOWS\SYSTEM32\WindowsCodecs.dll
0x00007ffebd780000 - 0x00007ffebd7be000 	C:\WINDOWS\system32\dataexchange.dll
0x00007ffee2570000 - 0x00007ffee27d4000 	C:\WINDOWS\system32\d3d11.dll
0x00007ffee3520000 - 0x00007ffee3705000 	C:\WINDOWS\system32\dcomp.dll
0x00007ffee5720000 - 0x00007ffee5814000 	C:\WINDOWS\system32\dxgi.dll
0x00007ffede860000 - 0x00007ffedea61000 	C:\WINDOWS\system32\twinapi.appcore.dll
0x00007ffeb9800000 - 0x00007ffeb9834000 	C:\Program Files\Common Files\Microsoft Shared\Ink\rtscom.dll
0x00007ffedefc0000 - 0x00007ffedf0b9000 	C:\WINDOWS\SYSTEM32\textinputframework.dll
0x00007ffee3f30000 - 0x00007ffee4022000 	C:\WINDOWS\System32\CoreMessaging.dll

dbghelp: loaded successfully - version: 4.0.5 - missing functions: none
symbol engine: initialized successfully - sym options: 0x614 - pdb path: .;D:\programms\JDK17\bin;C:\WINDOWS\SYSTEM32;C:\WINDOWS\WinSxS\amd64_microsoft.windows.common-controls_6595b64144ccf1df_6.0.19041.1110_none_60b5254171f9507e;D:\programms\JDK17\bin\server;D:\programms\Java\IntelliJ IDEA 2021.2.1\bin;C:\Users\111\.openjfx\cache\17-ea;C:\WINDOWS\System32\DriverStore\FileRepository\iigd_dch.inf_amd64_a086f01cc7be643a;C:\Program Files\Common Files\Microsoft Shared\Ink

VM Arguments:
jvm_args: -javaagent:D:\programms\Java\IntelliJ IDEA 2021.2.1\lib\idea_rt.jar=61332:D:\programms\Java\IntelliJ IDEA 2021.2.1\bin -Dfile.encoding=UTF-8 --module-path=C:\Users\111\.m2\repository\org\openjfx\javafx-controls\17-ea+11\javafx-controls-17-ea+11-win.jar;D:\PSP\it\target\classes;C:\Users\111\.m2\repository\org\openjfx\javafx-base\17-ea+11\javafx-base-17-ea+11-win.jar;C:\Users\111\.m2\repository\org\openjfx\javafx-fxml\17-ea+11\javafx-fxml-17-ea+11-win.jar;C:\Users\111\.m2\repository\org\openjfx\javafx-graphics\17-ea+11\javafx-graphics-17-ea+11-win.jar -Djdk.module.main=com.example.it 
java_command: com.example.it/com.example.it.ClientMain
java_class_path (initial): C:\Users\111\.m2\repository\org\openjfx\javafx-controls\17-ea+11\javafx-controls-17-ea+11.jar;C:\Users\111\.m2\repository\org\openjfx\javafx-graphics\17-ea+11\javafx-graphics-17-ea+11.jar;C:\Users\111\.m2\repository\org\openjfx\javafx-base\17-ea+11\javafx-base-17-ea+11.jar;C:\Users\111\.m2\repository\org\openjfx\javafx-fxml\17-ea+11\javafx-fxml-17-ea+11.jar;C:\Users\111\.m2\repository\org\springframework\boot\spring-boot\2.5.5\spring-boot-2.5.5.jar;C:\Users\111\.m2\repository\org\springframework\spring-core\5.3.10\spring-core-5.3.10.jar;C:\Users\111\.m2\repository\org\springframework\spring-jcl\5.3.10\spring-jcl-5.3.10.jar;C:\Users\111\.m2\repository\org\springframework\spring-context\5.3.10\spring-context-5.3.10.jar;C:\Users\111\.m2\repository\org\springframework\spring-aop\5.3.10\spring-aop-5.3.10.jar;C:\Users\111\.m2\repository\org\springframework\spring-beans\5.3.10\spring-beans-5.3.10.jar;C:\Users\111\.m2\repository\org\springframework\spring-expression\5.3.10\spring-expression-5.3.10.jar;C:\Users\111\.m2\repository\org\postgresql\postgresql\42.2.5\postgresql-42.2.5.jar
Launcher Type: SUN_STANDARD

[Global flags]
     intx CICompilerCount                          = 4                                         {product} {ergonomic}
     uint ConcGCThreads                            = 2                                         {product} {ergonomic}
     uint G1ConcRefinementThreads                  = 8                                         {product} {ergonomic}
   size_t G1HeapRegionSize                         = 1048576                                   {product} {ergonomic}
    uintx GCDrainStackTargetSize                   = 64                                        {product} {ergonomic}
   size_t InitialHeapSize                          = 132120576                                 {product} {ergonomic}
   size_t MarkStackSize                            = 4194304                                   {product} {ergonomic}
   size_t MaxHeapSize                              = 2099249152                                {product} {ergonomic}
   size_t MaxNewSize                               = 1259339776                                {product} {ergonomic}
   size_t MinHeapDeltaBytes                        = 1048576                                   {product} {ergonomic}
   size_t MinHeapSize                              = 8388608                                   {product} {ergonomic}
    uintx NonNMethodCodeHeapSize                   = 5839372                                {pd product} {ergonomic}
    uintx NonProfiledCodeHeapSize                  = 122909434                              {pd product} {ergonomic}
    uintx ProfiledCodeHeapSize                     = 122909434                              {pd product} {ergonomic}
    uintx ReservedCodeCacheSize                    = 251658240                              {pd product} {ergonomic}
     bool SegmentedCodeCache                       = true                                      {product} {ergonomic}
   size_t SoftMaxHeapSize                          = 2099249152                             {manageable} {ergonomic}
     bool UseCompressedClassPointers               = true                           {product lp64_product} {ergonomic}
     bool UseCompressedOops                        = true                           {product lp64_product} {ergonomic}
     bool UseG1GC                                  = true                                      {product} {ergonomic}
     bool UseLargePagesIndividualAllocation        = false                                  {pd product} {ergonomic}

Logging:
Log output configuration:
 #0: stdout all=off uptime,level,tags
 #1: stderr all=off uptime,level,tags

Environment Variables:
JAVA_HOME=D:\programms\Java\bin
PATH=C:\Program Files\Microsoft MPI\Bin\;C:\Program Files (x86)\Embarcadero\RAD Studio\8.0\bin;C:\Users\Public\Documents\RAD Studio\8.0\Bpl;C:\Windows\system32;C:\Windows;C:\Windows\System32\Wbem;C:\Windows\System32\WindowsPowerShell\v1.0\;C:\Windows\System32\OpenSSH\;C:\Program Files\dotnet\;C:\Program Files\Microsoft SQL Server\Client SDK\ODBC\170\Tools\Binn\;C:\WINDOWS\system32;C:\WINDOWS;C:\WINDOWS\System32\Wbem;C:\WINDOWS\System32\WindowsPowerShell\v1.0\;C:\WINDOWS\System32\OpenSSH\;D:\;C:\Program Files\Azure Data Studio\bin;D:\MMVP\lab2\MMVP.ZIP\MAKE;D:\\bin;D:\\SQL\150\Tools\Binn\;C:\Program Files\Microsoft SQL Server\150\Tools\Binn\;D:\\SQL\150\DTS\Binn\;C:\Program Files\Microsoft SQL Server\150\DTS\Binn\;C:\Program Files\Microsoft SQL Server\130\Tools\Binn\;D:\programms\bin;C:\WINDOWS\system32;C:\WINDOWS;C:\WINDOWS\System32\Wbem;C:\WINDOWS\System32\WindowsPowerShell\v1.0\;C:\WINDOWS\System32\OpenSSH\;D:\univ\3 \1 \\3 \\2 \Git\cmd;D:\programms\MySQLworkbench;C:\WINDOWS\system32\config\systemprofile\.dnx\bin;C:\Program Files\Microsoft DNX\Dnvm\;C:\Program Files (x86)\dotnet\;C:\Program Files\MySQL\MySQL Shell 8.0\bin\;C:\Users\111\AppData\Local\Programs\Python\Python39\Scripts\;C:\Users\111\AppData\Local\Programs\Python\Python39\;D:\\2 \Scripts\;D:\\2 \;C:\Users\111\AppData\Local\Microsoft\WindowsApps;C:\Users\111\AppData\Roaming\npm;C:\Program Files\JetBrains\PyCharm 2020.3\bin;C:\Program Files\Azure Data Studio\bin;D:\\bin;C:\Users\111\.dotnet\tools;C:\Users\111\.dotnet\tools;D:\programms\bin;C:\Users\111\AppData\Local\Microsoft\WindowsApps;D:\programms\Java\IntelliJ IDEA 2021.2.1\bin;;D:\programms\Java\bin;
USERNAME=111
OS=Windows_NT
PROCESSOR_IDENTIFIER=Intel64 Family 6 Model 158 Stepping 10, GenuineIntel



---------------  S Y S T E M  ---------------

OS:
 Windows 10 , 64 bit Build 19041 (10.0.19041.1348)
OS uptime: 0 days 21:38 hours

CPU: total 8 (initial active 8) (4 cores per cpu, 2 threads per core) family 6 model 158 stepping 10 microcode 0xb4, cx8, cmov, fxsr, ht, mmx, 3dnowpref, sse, sse2, sse3, ssse3, sse4.1, sse4.2, popcnt, lzcnt, tsc, tscinvbit, avx, avx2, aes, erms, clmul, bmi1, bmi2, adx, fma, vzeroupper, clflush, clflushopt

Memory: 4k page, system-wide physical 8001M (1125M free)
TotalPageFile size 15104M (AvailPageFile size 3911M)
current process WorkingSet (physical memory assigned to process): 160M, peak: 167M
current process commit charge ("private bytes"): 280M, peak: 296M

vm_info: OpenJDK 64-Bit Server VM (17.0.1+12-39) for windows-amd64 JRE (17.0.1+12-39), built on Sep 27 2021 18:39:29 by "mach5one" with MS VC++ 16.8 (VS2019)

END.
